2025-01-04 01:15:45,308 - INFO - Loading model from ../checkpoints/best_model.pth
2025-01-04 01:15:45,374 - INFO - Model loaded successfully
2025-01-04 01:16:34,056 - INFO - Loading model from ../checkpoints/best_model.pth
2025-01-04 01:16:34,108 - INFO - Model loaded successfully
2025-01-04 01:17:53,383 - INFO - Loading model from ../../checkpoints/best_model.pth
2025-01-04 01:17:53,559 - INFO - Model loaded successfully
2025-01-04 01:19:25,823 - INFO - Loading model from ../checkpoints/best_model.pth
2025-01-04 01:19:25,917 - INFO - Model loaded successfully
2025-01-04 02:00:09,438 - INFO - Loading model from ../checkpoints/best_model.pth
2025-01-04 02:00:09,499 - INFO - Model loaded successfully
2025-01-04 02:16:25,116 - INFO - Loading model from /home/martinson/Lhydra_rs/data_engineered_v3/rs_main_v2_refactored/checkpoints/best_model.pth
2025-01-04 02:16:25,191 - INFO - Model loaded successfully
2025-01-04 02:26:21,229 - INFO - Loading model from /home/martinson/Lhydra_rs/data_engineered_v3/rs_main_v2_refactored/checkpoints/best_model.pth
2025-01-04 02:26:21,298 - INFO - Model loaded successfully
2025-01-04 04:00:01,023 - INFO - Loading model from /home/martinson/Lhydra_rs/data_engineered_v3/rs_main_v2_refactored/checkpoints/best_model.pth
2025-01-04 04:00:01,121 - INFO - Model loaded successfully
2025-01-04 04:00:01,138 - INFO - Encoder class counts:
2025-01-04 04:00:01,138 - INFO - user_encoder: 9717
2025-01-04 04:00:01,138 - INFO - music_encoder: 9373
2025-01-04 04:00:01,138 - INFO - artist_encoder: 5059
2025-01-04 04:00:01,138 - INFO - genre_encoder: 12
2025-01-04 04:00:01,138 - INFO - Model dimensions from state dict:
2025-01-04 04:00:01,139 - INFO - num_users: 7773
2025-01-04 04:00:01,139 - INFO - num_music: 9324
2025-01-04 04:00:01,139 - INFO - num_artists: 4482
2025-01-04 04:00:01,139 - INFO - num_genres: 12
2025-01-04 04:00:01,139 - INFO - num_numerical: 12
2025-01-04 04:00:01,157 - WARNING - Catalog contains music IDs larger than model capacity. Filtering out excess items.
2025-01-04 04:03:14,612 - INFO - Loading model from /home/martinson/Lhydra_rs/data_engineered_v3/rs_main_v2_refactored/checkpoints/best_model.pth
2025-01-04 04:03:14,704 - INFO - Model loaded successfully
2025-01-04 04:03:17,660 - INFO - Encoder class counts:
2025-01-04 04:03:17,661 - INFO - user_encoder: 9717
2025-01-04 04:03:17,661 - INFO - music_encoder: 9373
2025-01-04 04:03:17,661 - INFO - artist_encoder: 5059
2025-01-04 04:03:17,661 - INFO - genre_encoder: 12
2025-01-04 04:03:17,661 - INFO - Model dimensions from state dict:
2025-01-04 04:03:17,661 - INFO - num_users: 7773
2025-01-04 04:03:17,661 - INFO - num_music: 9324
2025-01-04 04:03:17,661 - INFO - num_artists: 4482
2025-01-04 04:03:17,661 - INFO - num_genres: 12
2025-01-04 04:03:17,662 - INFO - num_numerical: 12
2025-01-04 04:03:17,811 - INFO - [31m[1mWARNING: This is a development server. Do not use it in a production deployment. Use a production WSGI server instead.[0m
 * Running on all addresses (0.0.0.0)
 * Running on http://127.0.0.1:5000
 * Running on http://192.168.100.216:5000
2025-01-04 04:03:17,812 - INFO - [33mPress CTRL+C to quit[0m
2025-01-04 04:03:17,878 - INFO -  * Restarting with watchdog (inotify)
2025-01-04 04:03:22,653 - INFO - Loading model from /home/martinson/Lhydra_rs/data_engineered_v3/rs_main_v2_refactored/checkpoints/best_model.pth
2025-01-04 04:03:22,719 - INFO - Model loaded successfully
2025-01-04 04:03:22,767 - INFO - Encoder class counts:
2025-01-04 04:03:22,768 - INFO - user_encoder: 9717
2025-01-04 04:03:22,768 - INFO - music_encoder: 9373
2025-01-04 04:03:22,768 - INFO - artist_encoder: 5059
2025-01-04 04:03:22,768 - INFO - genre_encoder: 12
2025-01-04 04:03:22,769 - INFO - Model dimensions from state dict:
2025-01-04 04:03:22,769 - INFO - num_users: 7773
2025-01-04 04:03:22,769 - INFO - num_music: 9324
2025-01-04 04:03:22,770 - INFO - num_artists: 4482
2025-01-04 04:03:22,770 - INFO - num_genres: 12
2025-01-04 04:03:22,770 - INFO - num_numerical: 12
2025-01-04 04:03:22,848 - WARNING -  * Debugger is active!
2025-01-04 04:03:22,851 - INFO -  * Debugger PIN: 867-899-571
2025-01-04 04:03:37,040 - INFO - 192.168.96.1 - - [04/Jan/2025 04:03:37] "[33mGET / HTTP/1.1[0m" 404 -
2025-01-04 04:03:37,561 - INFO - 192.168.96.1 - - [04/Jan/2025 04:03:37] "[33mGET /favicon.ico HTTP/1.1[0m" 404 -
2025-01-04 04:08:24,557 - INFO - 192.168.96.1 - - [04/Jan/2025 04:08:24] "[31m[1mGET /api/recommendations HTTP/1.1[0m" 405 -
2025-01-04 04:10:56,810 - INFO - 192.168.96.1 - - [04/Jan/2025 04:10:56] "[33mGET / HTTP/1.1[0m" 404 -
2025-01-04 04:16:32,539 - INFO -  * Detected change in '/home/martinson/Lhydra_rs/data_engineered_v3/rs_main_v2_refactored/request.py', reloading
2025-01-04 04:16:32,547 - INFO -  * Detected change in '/home/martinson/Lhydra_rs/data_engineered_v3/rs_main_v2_refactored/request.py', reloading
2025-01-04 04:16:34,652 - INFO -  * Restarting with watchdog (inotify)
2025-01-04 04:16:41,777 - INFO - Loading model from /home/martinson/Lhydra_rs/data_engineered_v3/rs_main_v2_refactored/checkpoints/best_model.pth
2025-01-04 04:16:41,937 - INFO - Model loaded successfully
2025-01-04 04:16:42,050 - INFO - Encoder class counts:
2025-01-04 04:16:42,051 - INFO - user_encoder: 9717
2025-01-04 04:16:42,051 - INFO - music_encoder: 9373
2025-01-04 04:16:42,051 - INFO - artist_encoder: 5059
2025-01-04 04:16:42,051 - INFO - genre_encoder: 12
2025-01-04 04:16:42,051 - INFO - Model dimensions from state dict:
2025-01-04 04:16:42,051 - INFO - num_users: 7773
2025-01-04 04:16:42,052 - INFO - num_music: 9324
2025-01-04 04:16:42,052 - INFO - num_artists: 4482
2025-01-04 04:16:42,052 - INFO - num_genres: 12
2025-01-04 04:16:42,052 - INFO - num_numerical: 12
2025-01-04 04:16:42,320 - WARNING -  * Debugger is active!
2025-01-04 04:16:42,321 - INFO -  * Debugger PIN: 867-899-571
2025-01-04 04:18:09,571 - INFO -  * Detected change in '/home/martinson/Lhydra_rs/data_engineered_v3/rs_main_v2_refactored/request.py', reloading
2025-01-04 04:18:11,378 - INFO -  * Restarting with watchdog (inotify)
2025-01-04 04:18:21,027 - INFO - Loading model from /home/martinson/Lhydra_rs/data_engineered_v3/rs_main_v2_refactored/checkpoints/best_model.pth
2025-01-04 04:18:21,087 - INFO - Model loaded successfully
2025-01-04 04:18:21,114 - INFO - Encoder class counts:
2025-01-04 04:18:21,116 - INFO - user_encoder: 9717
2025-01-04 04:18:21,117 - INFO - music_encoder: 9373
2025-01-04 04:18:21,118 - INFO - artist_encoder: 5059
2025-01-04 04:18:21,121 - INFO - genre_encoder: 12
2025-01-04 04:18:21,123 - INFO - Model dimensions from state dict:
2025-01-04 04:18:21,124 - INFO - num_users: 7773
2025-01-04 04:18:21,124 - INFO - num_music: 9324
2025-01-04 04:18:21,124 - INFO - num_artists: 4482
2025-01-04 04:18:21,126 - INFO - num_genres: 12
2025-01-04 04:18:21,126 - INFO - num_numerical: 12
2025-01-04 04:18:21,198 - WARNING -  * Debugger is active!
2025-01-04 04:18:21,199 - INFO -  * Debugger PIN: 867-899-571
2025-01-04 04:20:04,564 - INFO - Loading model from /home/martinson/Lhydra_rs/data_engineered_v3/rs_main_v2_refactored/checkpoints/best_model.pth
2025-01-04 04:20:04,605 - INFO - Model loaded successfully
2025-01-04 04:20:04,618 - INFO - Encoder class counts:
2025-01-04 04:20:04,619 - INFO - user_encoder: 9717
2025-01-04 04:20:04,621 - INFO - music_encoder: 9373
2025-01-04 04:20:04,621 - INFO - artist_encoder: 5059
2025-01-04 04:20:04,621 - INFO - genre_encoder: 12
2025-01-04 04:20:04,622 - INFO - Model dimensions from state dict:
2025-01-04 04:20:04,623 - INFO - num_users: 7773
2025-01-04 04:20:04,624 - INFO - num_music: 9324
2025-01-04 04:20:04,625 - INFO - num_artists: 4482
2025-01-04 04:20:04,626 - INFO - num_genres: 12
2025-01-04 04:20:04,632 - INFO - num_numerical: 12
2025-01-04 04:20:04,712 - INFO - [31m[1mWARNING: This is a development server. Do not use it in a production deployment. Use a production WSGI server instead.[0m
 * Running on all addresses (0.0.0.0)
 * Running on http://127.0.0.1:5000
 * Running on http://192.168.100.216:5000
2025-01-04 04:20:04,712 - INFO - [33mPress CTRL+C to quit[0m
2025-01-04 04:20:04,720 - INFO -  * Restarting with watchdog (inotify)
2025-01-04 04:20:07,638 - INFO - Loading model from /home/martinson/Lhydra_rs/data_engineered_v3/rs_main_v2_refactored/checkpoints/best_model.pth
2025-01-04 04:20:07,688 - INFO - Model loaded successfully
2025-01-04 04:20:07,702 - INFO - Encoder class counts:
2025-01-04 04:20:07,702 - INFO - user_encoder: 9717
2025-01-04 04:20:07,702 - INFO - music_encoder: 9373
2025-01-04 04:20:07,702 - INFO - artist_encoder: 5059
2025-01-04 04:20:07,703 - INFO - genre_encoder: 12
2025-01-04 04:20:07,703 - INFO - Model dimensions from state dict:
2025-01-04 04:20:07,703 - INFO - num_users: 7773
2025-01-04 04:20:07,704 - INFO - num_music: 9324
2025-01-04 04:20:07,704 - INFO - num_artists: 4482
2025-01-04 04:20:07,704 - INFO - num_genres: 12
2025-01-04 04:20:07,704 - INFO - num_numerical: 12
2025-01-04 04:20:07,786 - WARNING -  * Debugger is active!
2025-01-04 04:20:07,787 - INFO -  * Debugger PIN: 867-899-571
2025-01-04 04:20:48,287 - INFO - 192.168.96.1 - - [04/Jan/2025 04:20:48] "[33mGET / HTTP/1.1[0m" 404 -
2025-01-04 04:20:48,602 - INFO - 192.168.96.1 - - [04/Jan/2025 04:20:48] "[33mGET /favicon.ico HTTP/1.1[0m" 404 -
2025-01-04 04:24:10,789 - INFO -  * Detected change in '/home/martinson/Lhydra_rs/data_engineered_v3/rs_main_v2_refactored/test_run.py', reloading
2025-01-04 04:24:10,799 - INFO -  * Detected change in '/home/martinson/Lhydra_rs/data_engineered_v3/rs_main_v2_refactored/test_run.py', reloading
2025-01-04 04:24:12,855 - INFO -  * Restarting with watchdog (inotify)
2025-01-04 04:24:20,174 - INFO - Loading model from /home/martinson/Lhydra_rs/data_engineered_v3/rs_main_v2_refactored/checkpoints/best_model.pth
2025-01-04 04:24:20,222 - INFO - Model loaded successfully
2025-01-04 04:24:20,258 - INFO - Encoder class counts:
2025-01-04 04:24:20,259 - INFO - user_encoder: 9717
2025-01-04 04:24:20,259 - INFO - music_encoder: 9373
2025-01-04 04:24:20,259 - INFO - artist_encoder: 5059
2025-01-04 04:24:20,260 - INFO - genre_encoder: 12
2025-01-04 04:24:20,260 - INFO - Model dimensions from state dict:
2025-01-04 04:24:20,260 - INFO - num_users: 7773
2025-01-04 04:24:20,260 - INFO - num_music: 9324
2025-01-04 04:24:20,260 - INFO - num_artists: 4482
2025-01-04 04:24:20,261 - INFO - num_genres: 12
2025-01-04 04:24:20,261 - INFO - num_numerical: 12
2025-01-04 04:24:20,337 - WARNING -  * Debugger is active!
2025-01-04 04:24:20,340 - INFO -  * Debugger PIN: 867-899-571
2025-01-04 04:24:35,056 - WARNING - Error encoding user ID: y contains previously unseen labels: 123
2025-01-04 04:24:35,056 - WARNING - Using default encoding (0)
2025-01-04 04:24:35,080 - WARNING - Error in transform: y contains previously unseen labels: '0'
2025-01-04 04:24:35,081 - WARNING - Using default value 0 for 13421 items
2025-01-04 04:24:37,056 - INFO - 192.168.100.216 - - [04/Jan/2025 04:24:37] "POST /api/recommendations HTTP/1.1" 200 -
2025-01-04 04:25:38,925 - INFO -  * Detected change in '/home/martinson/Lhydra_rs/data_engineered_v3/rs_main_v2_refactored/test_run.py', reloading
2025-01-04 04:25:38,929 - INFO -  * Detected change in '/home/martinson/Lhydra_rs/data_engineered_v3/rs_main_v2_refactored/test_run.py', reloading
2025-01-04 04:25:38,941 - INFO -  * Detected change in '/home/martinson/Lhydra_rs/data_engineered_v3/rs_main_v2_refactored/test_run.py', reloading
2025-01-04 04:25:40,294 - INFO -  * Restarting with watchdog (inotify)
2025-01-04 04:25:43,084 - INFO - Loading model from /home/martinson/Lhydra_rs/data_engineered_v3/rs_main_v2_refactored/checkpoints/best_model.pth
2025-01-04 04:25:43,109 - INFO - Model loaded successfully
2025-01-04 04:25:43,120 - INFO - Encoder class counts:
2025-01-04 04:25:43,121 - INFO - user_encoder: 9717
2025-01-04 04:25:43,121 - INFO - music_encoder: 9373
2025-01-04 04:25:43,121 - INFO - artist_encoder: 5059
2025-01-04 04:25:43,121 - INFO - genre_encoder: 12
2025-01-04 04:25:43,121 - INFO - Model dimensions from state dict:
2025-01-04 04:25:43,121 - INFO - num_users: 7773
2025-01-04 04:25:43,121 - INFO - num_music: 9324
2025-01-04 04:25:43,122 - INFO - num_artists: 4482
2025-01-04 04:25:43,122 - INFO - num_genres: 12
2025-01-04 04:25:43,122 - INFO - num_numerical: 12
2025-01-04 04:25:43,153 - WARNING -  * Debugger is active!
2025-01-04 04:25:43,154 - INFO -  * Debugger PIN: 867-899-571
2025-01-04 04:25:50,368 - INFO -  * Detected change in '/home/martinson/Lhydra_rs/data_engineered_v3/rs_main_v2_refactored/test_run.py', reloading
2025-01-04 04:25:50,370 - INFO -  * Detected change in '/home/martinson/Lhydra_rs/data_engineered_v3/rs_main_v2_refactored/test_run.py', reloading
2025-01-04 04:25:50,399 - INFO -  * Detected change in '/home/martinson/Lhydra_rs/data_engineered_v3/rs_main_v2_refactored/test_run.py', reloading
2025-01-04 04:25:51,659 - INFO -  * Restarting with watchdog (inotify)
2025-01-04 04:25:55,517 - INFO - Loading model from /home/martinson/Lhydra_rs/data_engineered_v3/rs_main_v2_refactored/checkpoints/best_model.pth
2025-01-04 04:25:55,560 - INFO - Model loaded successfully
2025-01-04 04:25:55,584 - INFO - Encoder class counts:
2025-01-04 04:25:55,584 - INFO - user_encoder: 9717
2025-01-04 04:25:55,584 - INFO - music_encoder: 9373
2025-01-04 04:25:55,584 - INFO - artist_encoder: 5059
2025-01-04 04:25:55,584 - INFO - genre_encoder: 12
2025-01-04 04:25:55,584 - INFO - Model dimensions from state dict:
2025-01-04 04:25:55,585 - INFO - num_users: 7773
2025-01-04 04:25:55,585 - INFO - num_music: 9324
2025-01-04 04:25:55,585 - INFO - num_artists: 4482
2025-01-04 04:25:55,585 - INFO - num_genres: 12
2025-01-04 04:25:55,585 - INFO - num_numerical: 12
2025-01-04 04:25:55,662 - WARNING -  * Debugger is active!
2025-01-04 04:25:55,663 - INFO -  * Debugger PIN: 867-899-571
2025-01-04 04:25:58,497 - INFO -  * Detected change in '/home/martinson/Lhydra_rs/data_engineered_v3/rs_main_v2_refactored/test_run.py', reloading
2025-01-04 04:25:58,500 - INFO -  * Detected change in '/home/martinson/Lhydra_rs/data_engineered_v3/rs_main_v2_refactored/test_run.py', reloading
2025-01-04 04:25:58,508 - INFO -  * Detected change in '/home/martinson/Lhydra_rs/data_engineered_v3/rs_main_v2_refactored/test_run.py', reloading
2025-01-04 04:26:00,117 - INFO -  * Restarting with watchdog (inotify)
2025-01-04 04:26:03,189 - INFO - Loading model from /home/martinson/Lhydra_rs/data_engineered_v3/rs_main_v2_refactored/checkpoints/best_model.pth
2025-01-04 04:26:03,214 - INFO - Model loaded successfully
2025-01-04 04:26:03,242 - INFO - Encoder class counts:
2025-01-04 04:26:03,243 - INFO - user_encoder: 9717
2025-01-04 04:26:03,243 - INFO - music_encoder: 9373
2025-01-04 04:26:03,243 - INFO - artist_encoder: 5059
2025-01-04 04:26:03,243 - INFO - genre_encoder: 12
2025-01-04 04:26:03,243 - INFO - Model dimensions from state dict:
2025-01-04 04:26:03,243 - INFO - num_users: 7773
2025-01-04 04:26:03,243 - INFO - num_music: 9324
2025-01-04 04:26:03,244 - INFO - num_artists: 4482
2025-01-04 04:26:03,244 - INFO - num_genres: 12
2025-01-04 04:26:03,244 - INFO - num_numerical: 12
2025-01-04 04:26:03,297 - WARNING -  * Debugger is active!
2025-01-04 04:26:03,298 - INFO -  * Debugger PIN: 867-899-571
2025-01-04 04:26:04,040 - WARNING - Error encoding user ID: y contains previously unseen labels: 3456
2025-01-04 04:26:04,040 - WARNING - Using default encoding (0)
2025-01-04 04:26:04,053 - WARNING - Error in transform: y contains previously unseen labels: '0'
2025-01-04 04:26:04,054 - WARNING - Using default value 0 for 13421 items
2025-01-04 04:26:05,751 - INFO - 192.168.100.216 - - [04/Jan/2025 04:26:05] "POST /api/recommendations HTTP/1.1" 200 -
2025-01-04 05:50:44,706 - INFO - Loading model from /home/martinson/Lhydra_rs/data_engineered_v3/rs_main_v2_refactored/checkpoints/best_model.pth
2025-01-04 05:50:44,820 - INFO - Model loaded successfully
2025-01-04 05:50:44,842 - INFO - Encoder class counts:
2025-01-04 05:50:44,842 - INFO - user_encoder: 9717
2025-01-04 05:50:44,843 - INFO - music_encoder: 9373
2025-01-04 05:50:44,843 - INFO - artist_encoder: 5059
2025-01-04 05:50:44,843 - INFO - genre_encoder: 12
2025-01-04 05:50:44,843 - INFO - Model dimensions from state dict:
2025-01-04 05:50:44,843 - INFO - num_users: 7773
2025-01-04 05:50:44,844 - INFO - num_music: 9324
2025-01-04 05:50:44,844 - INFO - num_artists: 4482
2025-01-04 05:50:44,844 - INFO - num_genres: 12
2025-01-04 05:50:44,844 - INFO - num_numerical: 12
2025-01-04 05:50:44,952 - INFO - [31m[1mWARNING: This is a development server. Do not use it in a production deployment. Use a production WSGI server instead.[0m
 * Running on all addresses (0.0.0.0)
 * Running on http://127.0.0.1:5000
 * Running on http://192.168.100.216:5000
2025-01-04 05:50:44,952 - INFO - [33mPress CTRL+C to quit[0m
2025-01-04 05:50:44,975 - INFO -  * Restarting with watchdog (inotify)
2025-01-04 05:50:49,053 - INFO - Loading model from /home/martinson/Lhydra_rs/data_engineered_v3/rs_main_v2_refactored/checkpoints/best_model.pth
2025-01-04 05:50:49,082 - INFO - Model loaded successfully
2025-01-04 05:50:49,098 - INFO - Encoder class counts:
2025-01-04 05:50:49,098 - INFO - user_encoder: 9717
2025-01-04 05:50:49,098 - INFO - music_encoder: 9373
2025-01-04 05:50:49,098 - INFO - artist_encoder: 5059
2025-01-04 05:50:49,099 - INFO - genre_encoder: 12
2025-01-04 05:50:49,099 - INFO - Model dimensions from state dict:
2025-01-04 05:50:49,099 - INFO - num_users: 7773
2025-01-04 05:50:49,099 - INFO - num_music: 9324
2025-01-04 05:50:49,099 - INFO - num_artists: 4482
2025-01-04 05:50:49,099 - INFO - num_genres: 12
2025-01-04 05:50:49,099 - INFO - num_numerical: 12
2025-01-04 05:50:49,196 - WARNING -  * Debugger is active!
2025-01-04 05:50:49,197 - INFO -  * Debugger PIN: 867-899-571
2025-01-04 05:51:40,147 - WARNING - Error encoding user ID: y contains previously unseen labels: 3456
2025-01-04 05:51:40,147 - WARNING - Using default encoding (0)
2025-01-04 05:51:40,157 - WARNING - Error in transform: y contains previously unseen labels: '0'
2025-01-04 05:51:40,158 - WARNING - Using default value 0 for 13421 items
2025-01-04 05:51:42,230 - INFO - 192.168.100.216 - - [04/Jan/2025 05:51:42] "POST /api/recommendations HTTP/1.1" 200 -
2025-01-04 06:20:13,991 - INFO -  * Detected change in '/home/martinson/Lhydra_rs/data_engineered_v3/rs_main_v2_refactored/flask_app/app.py', reloading
2025-01-04 06:20:13,992 - INFO -  * Detected change in '/home/martinson/Lhydra_rs/data_engineered_v3/rs_main_v2_refactored/flask_app/app.py', reloading
2025-01-04 06:20:14,005 - INFO -  * Detected change in '/home/martinson/Lhydra_rs/data_engineered_v3/rs_main_v2_refactored/flask_app/app.py', reloading
2025-01-04 06:20:15,997 - INFO -  * Restarting with watchdog (inotify)
2025-01-04 06:20:22,163 - INFO - Loading model from /home/martinson/Lhydra_rs/data_engineered_v3/rs_main_v2_refactored/checkpoints/best_model.pth
2025-01-04 06:20:22,237 - INFO - Model loaded successfully
2025-01-04 06:20:22,258 - INFO - Encoder class counts:
2025-01-04 06:20:22,259 - INFO - user_encoder: 9717
2025-01-04 06:20:22,259 - INFO - music_encoder: 9373
2025-01-04 06:20:22,259 - INFO - artist_encoder: 5059
2025-01-04 06:20:22,259 - INFO - genre_encoder: 12
2025-01-04 06:20:22,259 - INFO - Model dimensions from state dict:
2025-01-04 06:20:22,260 - INFO - num_users: 7773
2025-01-04 06:20:22,260 - INFO - num_music: 9324
2025-01-04 06:20:22,260 - INFO - num_artists: 4482
2025-01-04 06:20:22,260 - INFO - num_genres: 12
2025-01-04 06:20:22,260 - INFO - num_numerical: 12
2025-01-04 06:31:43,941 - WARNING - Error encoding user ID: y contains previously unseen labels: 3456
2025-01-04 06:31:43,941 - WARNING - Using default encoding (0)
2025-01-04 06:31:43,950 - WARNING - Error in transform: y contains previously unseen labels: '0'
2025-01-04 06:31:43,950 - WARNING - Using default value 0 for 13421 items
2025-01-04 06:31:48,728 - INFO - 192.168.100.216 - - [04/Jan/2025 06:31:48] "POST /api/recommendations HTTP/1.1" 200 -
2025-01-04 06:45:23,072 - INFO - 192.168.96.1 - - [04/Jan/2025 06:45:23] "OPTIONS /api/recommendations HTTP/1.1" 200 -
2025-01-04 06:45:23,142 - WARNING - Error encoding user ID: y contains previously unseen labels: 3456
2025-01-04 06:45:23,142 - WARNING - Using default encoding (0)
2025-01-04 06:45:23,180 - WARNING - Error in transform: y contains previously unseen labels: '0'
2025-01-04 06:45:23,181 - WARNING - Using default value 0 for 13421 items
2025-01-04 06:45:26,890 - INFO - 192.168.96.1 - - [04/Jan/2025 06:45:26] "POST /api/recommendations HTTP/1.1" 200 -
2025-01-04 06:45:41,287 - INFO - 192.168.96.1 - - [04/Jan/2025 06:45:41] "OPTIONS /api/recommendations HTTP/1.1" 200 -
2025-01-04 06:45:41,331 - WARNING - Error encoding user ID: y contains previously unseen labels: 3456
2025-01-04 06:45:41,331 - WARNING - Using default encoding (0)
2025-01-04 06:45:41,366 - WARNING - Error in transform: y contains previously unseen labels: '0'
2025-01-04 06:45:41,367 - WARNING - Using default value 0 for 13421 items
2025-01-04 06:45:43,221 - INFO - 192.168.96.1 - - [04/Jan/2025 06:45:43] "POST /api/recommendations HTTP/1.1" 200 -
2025-01-04 06:45:44,936 - WARNING - Error encoding user ID: y contains previously unseen labels: 3456
2025-01-04 06:45:44,937 - WARNING - Using default encoding (0)
2025-01-04 06:45:44,950 - WARNING - Error in transform: y contains previously unseen labels: '0'
2025-01-04 06:45:44,950 - WARNING - Using default value 0 for 13421 items
2025-01-04 06:45:46,761 - INFO - 192.168.96.1 - - [04/Jan/2025 06:45:46] "POST /api/recommendations HTTP/1.1" 200 -
2025-01-04 06:45:48,729 - INFO - 192.168.96.1 - - [04/Jan/2025 06:45:48] "OPTIONS /api/recommendations HTTP/1.1" 200 -
2025-01-04 06:45:48,752 - WARNING - Error encoding user ID: y contains previously unseen labels: 3456
2025-01-04 06:45:48,753 - WARNING - Using default encoding (0)
2025-01-04 06:45:48,764 - WARNING - Error in transform: y contains previously unseen labels: '0'
2025-01-04 06:45:48,765 - WARNING - Using default value 0 for 13421 items
2025-01-04 06:45:53,023 - WARNING - Error encoding user ID: y contains previously unseen labels: 3456
2025-01-04 06:45:53,027 - WARNING - Using default encoding (0)
2025-01-04 06:45:53,061 - WARNING - Error in transform: y contains previously unseen labels: '0'
2025-01-04 06:45:53,062 - WARNING - Using default value 0 for 13421 items
2025-01-04 06:45:53,566 - WARNING - Error encoding user ID: y contains previously unseen labels: 3456
2025-01-04 06:45:53,567 - WARNING - Using default encoding (0)
2025-01-04 06:45:53,638 - WARNING - Error in transform: y contains previously unseen labels: '0'
2025-01-04 06:45:53,640 - WARNING - Using default value 0 for 13421 items
2025-01-04 06:45:53,767 - WARNING - Error encoding user ID: y contains previously unseen labels: 3456
2025-01-04 06:45:53,769 - WARNING - Using default encoding (0)
2025-01-04 06:45:53,815 - WARNING - Error in transform: y contains previously unseen labels: '0'
2025-01-04 06:45:53,818 - WARNING - Using default value 0 for 13421 items
2025-01-04 06:45:53,915 - WARNING - Error encoding user ID: y contains previously unseen labels: 3456
2025-01-04 06:45:53,920 - WARNING - Using default encoding (0)
2025-01-04 06:45:53,996 - WARNING - Error in transform: y contains previously unseen labels: '0'
2025-01-04 06:45:54,018 - WARNING - Using default value 0 for 13421 items
2025-01-04 06:45:54,212 - WARNING - Error encoding user ID: y contains previously unseen labels: 3456
2025-01-04 06:45:54,225 - WARNING - Using default encoding (0)
2025-01-04 06:45:54,384 - WARNING - Error in transform: y contains previously unseen labels: '0'
2025-01-04 06:45:54,384 - WARNING - Using default value 0 for 13421 items
2025-01-04 06:46:04,254 - INFO - 192.168.96.1 - - [04/Jan/2025 06:46:04] "OPTIONS /api/recommendations HTTP/1.1" 200 -
2025-01-04 06:46:04,495 - WARNING - Error encoding user ID: y contains previously unseen labels: 3456
2025-01-04 06:46:04,496 - WARNING - Using default encoding (0)
2025-01-04 06:46:04,703 - WARNING - Error in transform: y contains previously unseen labels: '0'
2025-01-04 06:46:04,711 - WARNING - Using default value 0 for 13421 items
2025-01-04 06:46:08,605 - WARNING - Error encoding user ID: y contains previously unseen labels: 3456
2025-01-04 06:46:08,640 - WARNING - Using default encoding (0)
2025-01-04 06:46:08,816 - WARNING - Error in transform: y contains previously unseen labels: '0'
2025-01-04 06:46:08,853 - WARNING - Using default value 0 for 13421 items
2025-01-04 06:46:18,772 - INFO - 192.168.96.1 - - [04/Jan/2025 06:46:18] "OPTIONS /api/recommendations HTTP/1.1" 200 -
2025-01-04 06:46:18,855 - WARNING - Error encoding user ID: y contains previously unseen labels: 3456
2025-01-04 06:46:18,857 - WARNING - Using default encoding (0)
2025-01-04 06:46:18,922 - WARNING - Error in transform: y contains previously unseen labels: '0'
2025-01-04 06:46:18,924 - WARNING - Using default value 0 for 13421 items
2025-01-04 06:46:19,511 - WARNING - Error encoding user ID: y contains previously unseen labels: 3456
2025-01-04 06:46:19,513 - WARNING - Using default encoding (0)
2025-01-04 06:46:19,532 - WARNING - Error in transform: y contains previously unseen labels: '0'
2025-01-04 06:46:19,538 - WARNING - Using default value 0 for 13421 items
2025-01-04 06:46:19,694 - WARNING - Error encoding user ID: y contains previously unseen labels: 3456
2025-01-04 06:46:19,700 - WARNING - Using default encoding (0)
2025-01-04 06:46:19,761 - WARNING - Error in transform: y contains previously unseen labels: '0'
2025-01-04 06:46:19,763 - WARNING - Using default value 0 for 13421 items
2025-01-04 06:46:19,913 - WARNING - Error encoding user ID: y contains previously unseen labels: 3456
2025-01-04 06:46:19,914 - WARNING - Using default encoding (0)
2025-01-04 06:46:20,026 - WARNING - Error in transform: y contains previously unseen labels: '0'
2025-01-04 06:46:20,034 - WARNING - Using default value 0 for 13421 items
2025-01-04 06:46:28,639 - INFO - 192.168.96.1 - - [04/Jan/2025 06:46:28] "POST /api/recommendations HTTP/1.1" 200 -
2025-01-04 06:46:50,527 - INFO - 192.168.96.1 - - [04/Jan/2025 06:46:50] "OPTIONS /api/recommendations HTTP/1.1" 200 -
2025-01-04 06:46:50,563 - INFO - 192.168.96.1 - - [04/Jan/2025 06:46:50] "OPTIONS /api/recommendations HTTP/1.1" 200 -
2025-01-04 06:46:50,570 - INFO - 192.168.96.1 - - [04/Jan/2025 06:46:50] "OPTIONS /api/recommendations HTTP/1.1" 200 -
2025-01-04 06:46:50,590 - INFO - 192.168.96.1 - - [04/Jan/2025 06:46:50] "OPTIONS /api/recommendations HTTP/1.1" 200 -
2025-01-04 06:46:50,601 - INFO - 192.168.96.1 - - [04/Jan/2025 06:46:50] "OPTIONS /api/recommendations HTTP/1.1" 200 -
2025-01-04 06:46:50,614 - INFO - 192.168.96.1 - - [04/Jan/2025 06:46:50] "OPTIONS /api/recommendations HTTP/1.1" 200 -
2025-01-04 06:46:50,684 - INFO - 192.168.96.1 - - [04/Jan/2025 06:46:50] "OPTIONS /api/recommendations HTTP/1.1" 200 -
2025-01-04 06:46:50,698 - INFO - 192.168.96.1 - - [04/Jan/2025 06:46:50] "OPTIONS /api/recommendations HTTP/1.1" 200 -
2025-01-04 06:46:50,703 - INFO - 192.168.96.1 - - [04/Jan/2025 06:46:50] "OPTIONS /api/recommendations HTTP/1.1" 200 -
2025-01-04 06:46:50,715 - INFO - 192.168.96.1 - - [04/Jan/2025 06:46:50] "OPTIONS /api/recommendations HTTP/1.1" 200 -
2025-01-04 06:46:53,917 - WARNING - Error encoding user ID: y contains previously unseen labels: 3456
2025-01-04 06:46:53,918 - WARNING - Using default encoding (0)
2025-01-04 06:46:55,106 - WARNING - Error in transform: y contains previously unseen labels: '0'
2025-01-04 06:46:55,176 - WARNING - Using default value 0 for 13421 items
2025-01-04 06:47:13,601 - INFO - 192.168.96.1 - - [04/Jan/2025 06:47:13] "OPTIONS /api/recommendations HTTP/1.1" 200 -
2025-01-04 06:47:13,663 - WARNING - Error encoding user ID: y contains previously unseen labels: 3456
2025-01-04 06:47:13,663 - WARNING - Using default encoding (0)
2025-01-04 06:47:13,716 - WARNING - Error in transform: y contains previously unseen labels: '0'
2025-01-04 06:47:13,717 - WARNING - Using default value 0 for 13421 items
2025-01-04 06:47:14,563 - WARNING - Error encoding user ID: y contains previously unseen labels: 3456
2025-01-04 06:47:14,571 - WARNING - Using default encoding (0)
2025-01-04 06:47:14,689 - WARNING - Error in transform: y contains previously unseen labels: '0'
2025-01-04 06:47:14,692 - WARNING - Using default value 0 for 13421 items
2025-01-04 06:47:28,873 - INFO - 192.168.96.1 - - [04/Jan/2025 06:47:28] "[33mGET / HTTP/1.1[0m" 404 -
2025-01-04 06:47:29,778 - INFO - 192.168.96.1 - - [04/Jan/2025 06:47:29] "[33mGET / HTTP/1.1[0m" 404 -
2025-01-04 06:49:08,280 - INFO - 192.168.96.1 - - [04/Jan/2025 06:49:08] "POST /api/recommendations HTTP/1.1" 200 -
2025-01-04 06:49:11,682 - INFO - 192.168.96.1 - - [04/Jan/2025 06:49:11] "POST /api/recommendations HTTP/1.1" 200 -
2025-01-04 06:49:18,773 - INFO - 192.168.96.1 - - [04/Jan/2025 06:49:18] "POST /api/recommendations HTTP/1.1" 200 -
2025-01-04 06:49:23,740 - INFO - 192.168.96.1 - - [04/Jan/2025 06:49:23] "POST /api/recommendations HTTP/1.1" 200 -
2025-01-04 06:49:25,343 - INFO - 192.168.96.1 - - [04/Jan/2025 06:49:25] "POST /api/recommendations HTTP/1.1" 200 -
2025-01-04 06:49:33,398 - INFO - 192.168.96.1 - - [04/Jan/2025 06:49:33] "POST /api/recommendations HTTP/1.1" 200 -
2025-01-04 06:49:40,873 - INFO - 192.168.96.1 - - [04/Jan/2025 06:49:40] "POST /api/recommendations HTTP/1.1" 200 -
2025-01-04 06:49:46,389 - INFO - 192.168.96.1 - - [04/Jan/2025 06:49:46] "POST /api/recommendations HTTP/1.1" 200 -
2025-01-04 06:49:46,580 - INFO - 192.168.96.1 - - [04/Jan/2025 06:49:46] "POST /api/recommendations HTTP/1.1" 200 -
2025-01-04 06:49:47,005 - INFO - 192.168.96.1 - - [04/Jan/2025 06:49:47] "POST /api/recommendations HTTP/1.1" 200 -
2025-01-04 06:49:47,008 - INFO - 192.168.96.1 - - [04/Jan/2025 06:49:47] "POST /api/recommendations HTTP/1.1" 200 -
2025-01-04 06:49:50,452 - INFO - 192.168.96.1 - - [04/Jan/2025 06:49:50] "POST /api/recommendations HTTP/1.1" 200 -
2025-01-04 06:49:50,474 - INFO - 192.168.96.1 - - [04/Jan/2025 06:49:50] "POST /api/recommendations HTTP/1.1" 200 -
2025-01-04 06:49:50,566 - INFO - 192.168.96.1 - - [04/Jan/2025 06:49:50] "POST /api/recommendations HTTP/1.1" 200 -
2025-01-04 06:56:22,361 - WARNING - Error encoding user ID: y contains previously unseen labels: 824191268123798
2025-01-04 06:56:22,361 - WARNING - Using default encoding (0)
2025-01-04 06:56:22,370 - WARNING - Error in transform: y contains previously unseen labels: '0'
2025-01-04 06:56:22,370 - WARNING - Using default value 0 for 13421 items
2025-01-04 06:56:27,645 - INFO - 192.168.100.216 - - [04/Jan/2025 06:56:27] "POST /api/recommendations HTTP/1.1" 200 -
2025-01-04 07:00:28,133 - INFO - 192.168.96.1 - - [04/Jan/2025 07:00:28] "[33mGET / HTTP/1.1[0m" 404 -
2025-01-04 07:00:28,367 - INFO - 192.168.96.1 - - [04/Jan/2025 07:00:28] "[33mGET /favicon.ico HTTP/1.1[0m" 404 -
2025-01-04 07:01:23,441 - INFO - 192.168.96.1 - - [04/Jan/2025 07:01:23] "OPTIONS /api/recommendations HTTP/1.1" 200 -
2025-01-04 07:01:23,462 - WARNING - Error encoding user ID: y contains previously unseen labels: 824191268123798
2025-01-04 07:01:23,462 - WARNING - Using default encoding (0)
2025-01-04 07:01:23,472 - WARNING - Error in transform: y contains previously unseen labels: '0'
2025-01-04 07:01:23,473 - WARNING - Using default value 0 for 13421 items
2025-01-04 07:01:25,554 - INFO - 192.168.96.1 - - [04/Jan/2025 07:01:25] "POST /api/recommendations HTTP/1.1" 200 -
2025-01-04 07:01:43,615 - INFO - 192.168.96.1 - - [04/Jan/2025 07:01:43] "[31m[1mGET /api/recommendations HTTP/1.1[0m" 405 -
2025-01-04 07:01:58,515 - INFO - 192.168.96.1 - - [04/Jan/2025 07:01:58] "OPTIONS /api/recommendations HTTP/1.1" 200 -
2025-01-04 07:01:58,529 - WARNING - Error encoding user ID: y contains previously unseen labels: 824191268123798
2025-01-04 07:01:58,529 - WARNING - Using default encoding (0)
2025-01-04 07:01:58,539 - WARNING - Error in transform: y contains previously unseen labels: '0'
2025-01-04 07:01:58,539 - WARNING - Using default value 0 for 13421 items
2025-01-04 07:01:59,441 - WARNING - Error encoding user ID: y contains previously unseen labels: 824191268123798
2025-01-04 07:01:59,441 - WARNING - Using default encoding (0)
2025-01-04 07:01:59,479 - WARNING - Error in transform: y contains previously unseen labels: '0'
2025-01-04 07:01:59,479 - WARNING - Using default value 0 for 13421 items
2025-01-04 07:01:59,894 - WARNING - Error encoding user ID: y contains previously unseen labels: 824191268123798
2025-01-04 07:01:59,895 - WARNING - Using default encoding (0)
2025-01-04 07:01:59,958 - WARNING - Error in transform: y contains previously unseen labels: '0'
2025-01-04 07:01:59,959 - WARNING - Using default value 0 for 13421 items
2025-01-04 07:02:01,090 - WARNING - Error encoding user ID: y contains previously unseen labels: 824191268123798
2025-01-04 07:02:01,093 - WARNING - Using default encoding (0)
2025-01-04 07:02:01,143 - WARNING - Error in transform: y contains previously unseen labels: '0'
2025-01-04 07:02:01,144 - WARNING - Using default value 0 for 13421 items
2025-01-04 07:02:08,863 - INFO - 192.168.96.1 - - [04/Jan/2025 07:02:08] "OPTIONS /api/recommendations HTTP/1.1" 200 -
2025-01-04 07:02:08,916 - WARNING - Error encoding user ID: y contains previously unseen labels: 824191268123798
2025-01-04 07:02:08,923 - WARNING - Using default encoding (0)
2025-01-04 07:02:08,952 - WARNING - Error in transform: y contains previously unseen labels: '0'
2025-01-04 07:02:08,956 - WARNING - Using default value 0 for 13421 items
2025-01-04 07:02:09,683 - WARNING - Error encoding user ID: y contains previously unseen labels: 824191268123798
2025-01-04 07:02:09,697 - WARNING - Using default encoding (0)
2025-01-04 07:02:09,779 - WARNING - Error encoding user ID: y contains previously unseen labels: 824191268123798
2025-01-04 07:02:09,824 - WARNING - Using default encoding (0)
2025-01-04 07:02:09,839 - WARNING - Error in transform: y contains previously unseen labels: '0'
2025-01-04 07:02:09,913 - WARNING - Using default value 0 for 13421 items
2025-01-04 07:02:09,934 - WARNING - Error in transform: y contains previously unseen labels: '0'
2025-01-04 07:02:09,943 - WARNING - Using default value 0 for 13421 items
2025-01-04 07:02:10,064 - WARNING - Error encoding user ID: y contains previously unseen labels: 824191268123798
2025-01-04 07:02:10,068 - WARNING - Using default encoding (0)
2025-01-04 07:02:10,115 - WARNING - Error in transform: y contains previously unseen labels: '0'
2025-01-04 07:02:10,120 - WARNING - Using default value 0 for 13421 items
2025-01-04 07:02:12,283 - WARNING - Error encoding user ID: y contains previously unseen labels: 824191268123798
2025-01-04 07:02:12,286 - WARNING - Using default encoding (0)
2025-01-04 07:02:12,381 - WARNING - Error in transform: y contains previously unseen labels: '0'
2025-01-04 07:02:12,413 - WARNING - Using default value 0 for 13421 items
2025-01-04 07:02:13,724 - WARNING - Error encoding user ID: y contains previously unseen labels: 824191268123798
2025-01-04 07:02:13,765 - WARNING - Using default encoding (0)
2025-01-04 07:02:13,865 - WARNING - Error in transform: y contains previously unseen labels: '0'
2025-01-04 07:02:13,894 - WARNING - Using default value 0 for 13421 items
2025-01-04 07:02:22,432 - INFO - 192.168.96.1 - - [04/Jan/2025 07:02:22] "OPTIONS /api/recommendations HTTP/1.1" 200 -
2025-01-04 07:02:22,459 - INFO - 192.168.96.1 - - [04/Jan/2025 07:02:22] "OPTIONS /api/recommendations HTTP/1.1" 200 -
2025-01-04 07:02:22,463 - INFO - 192.168.96.1 - - [04/Jan/2025 07:02:22] "OPTIONS /api/recommendations HTTP/1.1" 200 -
2025-01-04 07:02:22,469 - INFO - 192.168.96.1 - - [04/Jan/2025 07:02:22] "OPTIONS /api/recommendations HTTP/1.1" 200 -
2025-01-04 07:02:22,477 - INFO - 192.168.96.1 - - [04/Jan/2025 07:02:22] "OPTIONS /api/recommendations HTTP/1.1" 200 -
2025-01-04 07:02:22,491 - INFO - 192.168.96.1 - - [04/Jan/2025 07:02:22] "OPTIONS /api/recommendations HTTP/1.1" 200 -
2025-01-04 07:02:22,496 - INFO - 192.168.96.1 - - [04/Jan/2025 07:02:22] "OPTIONS /api/recommendations HTTP/1.1" 200 -
2025-01-04 07:02:22,517 - INFO - 192.168.96.1 - - [04/Jan/2025 07:02:22] "OPTIONS /api/recommendations HTTP/1.1" 200 -
2025-01-04 07:02:22,544 - INFO - 192.168.96.1 - - [04/Jan/2025 07:02:22] "OPTIONS /api/recommendations HTTP/1.1" 200 -
2025-01-04 07:02:22,558 - INFO - 192.168.96.1 - - [04/Jan/2025 07:02:22] "OPTIONS /api/recommendations HTTP/1.1" 200 -
2025-01-04 07:02:59,245 - INFO - 192.168.96.1 - - [04/Jan/2025 07:02:59] "POST /api/recommendations HTTP/1.1" 200 -
2025-01-04 07:03:53,926 - INFO - 192.168.96.1 - - [04/Jan/2025 07:03:53] "POST /api/recommendations HTTP/1.1" 200 -
2025-01-04 07:03:59,728 - INFO - 192.168.96.1 - - [04/Jan/2025 07:03:59] "POST /api/recommendations HTTP/1.1" 200 -
2025-01-04 07:04:05,655 - INFO - 192.168.96.1 - - [04/Jan/2025 07:04:05] "POST /api/recommendations HTTP/1.1" 200 -
2025-01-04 07:04:14,819 - INFO - 192.168.96.1 - - [04/Jan/2025 07:04:14] "POST /api/recommendations HTTP/1.1" 200 -
2025-01-04 07:04:15,771 - INFO - 192.168.96.1 - - [04/Jan/2025 07:04:15] "POST /api/recommendations HTTP/1.1" 200 -
2025-01-04 07:04:16,583 - INFO - 192.168.96.1 - - [04/Jan/2025 07:04:16] "POST /api/recommendations HTTP/1.1" 200 -
2025-01-04 07:04:17,042 - INFO - 192.168.96.1 - - [04/Jan/2025 07:04:17] "POST /api/recommendations HTTP/1.1" 200 -
2025-01-04 07:04:17,160 - INFO - 192.168.96.1 - - [04/Jan/2025 07:04:17] "POST /api/recommendations HTTP/1.1" 200 -
2025-01-04 07:04:17,287 - INFO - 192.168.96.1 - - [04/Jan/2025 07:04:17] "POST /api/recommendations HTTP/1.1" 200 -
2025-01-04 07:20:00,599 - INFO - 127.0.0.1 - - [04/Jan/2025 07:20:00] "OPTIONS /api/recommendations HTTP/1.1" 200 -
2025-01-04 07:20:00,854 - WARNING - Error encoding user ID: y contains previously unseen labels: '121'
2025-01-04 07:20:00,854 - WARNING - Using default encoding (0)
2025-01-04 07:20:00,864 - WARNING - Error in transform: y contains previously unseen labels: '0'
2025-01-04 07:20:00,864 - WARNING - Using default value 0 for 13421 items
2025-01-04 07:20:03,109 - INFO - 127.0.0.1 - - [04/Jan/2025 07:20:03] "POST /api/recommendations HTTP/1.1" 200 -
2025-01-04 07:26:55,998 - INFO - 127.0.0.1 - - [04/Jan/2025 07:26:55] "GET /api/health HTTP/1.1" 200 -
2025-01-04 07:27:00,650 - INFO - 127.0.0.1 - - [04/Jan/2025 07:27:00] "OPTIONS /api/recommendations HTTP/1.1" 200 -
2025-01-04 07:27:00,986 - WARNING - Error encoding user ID: y contains previously unseen labels: '121'
2025-01-04 07:27:00,986 - WARNING - Using default encoding (0)
2025-01-04 07:27:01,003 - WARNING - Error in transform: y contains previously unseen labels: '0'
2025-01-04 07:27:01,003 - WARNING - Using default value 0 for 13421 items
2025-01-04 07:27:03,214 - INFO - 127.0.0.1 - - [04/Jan/2025 07:27:03] "POST /api/recommendations HTTP/1.1" 200 -
2025-01-04 07:27:44,763 - INFO - 127.0.0.1 - - [04/Jan/2025 07:27:44] "OPTIONS /api/recommendations HTTP/1.1" 200 -
2025-01-04 07:27:45,073 - WARNING - Error encoding user ID: y contains previously unseen labels: '121278'
2025-01-04 07:27:45,073 - WARNING - Using default encoding (0)
2025-01-04 07:27:45,130 - WARNING - Error in transform: y contains previously unseen labels: '0'
2025-01-04 07:27:45,131 - WARNING - Using default value 0 for 13421 items
2025-01-04 07:27:47,417 - INFO - 127.0.0.1 - - [04/Jan/2025 07:27:47] "POST /api/recommendations HTTP/1.1" 200 -
2025-01-04 07:28:19,534 - INFO - 127.0.0.1 - - [04/Jan/2025 07:28:19] "OPTIONS /api/recommendations HTTP/1.1" 200 -
2025-01-04 07:28:19,866 - WARNING - Error encoding user ID: y contains previously unseen labels: '1212781212'
2025-01-04 07:28:19,867 - WARNING - Using default encoding (0)
2025-01-04 07:28:19,908 - WARNING - Error in transform: y contains previously unseen labels: '0'
2025-01-04 07:28:19,909 - WARNING - Using default value 0 for 13421 items
2025-01-04 07:28:22,269 - INFO - 127.0.0.1 - - [04/Jan/2025 07:28:22] "POST /api/recommendations HTTP/1.1" 200 -
2025-01-04 09:37:40,948 - INFO - Loading model from /home/martinson/Lhydra_rs/data_engineered_v3/rs_main_v2_refactored/checkpoints/best_model.pth
2025-01-04 09:37:41,100 - INFO - Model loaded successfully
2025-01-04 09:37:41,123 - INFO - Encoder class counts:
2025-01-04 09:37:41,124 - INFO - user_encoder: 9717
2025-01-04 09:37:41,124 - INFO - music_encoder: 9373
2025-01-04 09:37:41,124 - INFO - artist_encoder: 5059
2025-01-04 09:37:41,124 - INFO - genre_encoder: 12
2025-01-04 09:37:41,125 - INFO - Model dimensions from state dict:
2025-01-04 09:37:41,125 - INFO - num_users: 7773
2025-01-04 09:37:41,125 - INFO - num_music: 9324
2025-01-04 09:37:41,125 - INFO - num_artists: 4482
2025-01-04 09:37:41,125 - INFO - num_genres: 12
2025-01-04 09:37:41,125 - INFO - num_numerical: 12
2025-01-04 09:37:41,283 - INFO - [31m[1mWARNING: This is a development server. Do not use it in a production deployment. Use a production WSGI server instead.[0m
 * Running on all addresses (0.0.0.0)
 * Running on http://127.0.0.1:5000
 * Running on http://192.168.100.216:5000
2025-01-04 09:37:41,284 - INFO - [33mPress CTRL+C to quit[0m
2025-01-04 09:37:41,332 - INFO -  * Restarting with watchdog (inotify)
2025-01-04 09:37:48,558 - INFO - Loading model from /home/martinson/Lhydra_rs/data_engineered_v3/rs_main_v2_refactored/checkpoints/best_model.pth
2025-01-04 09:37:48,588 - INFO - Model loaded successfully
2025-01-04 09:37:48,602 - INFO - Encoder class counts:
2025-01-04 09:37:48,602 - INFO - user_encoder: 9717
2025-01-04 09:37:48,602 - INFO - music_encoder: 9373
2025-01-04 09:37:48,602 - INFO - artist_encoder: 5059
2025-01-04 09:37:48,603 - INFO - genre_encoder: 12
2025-01-04 09:37:48,604 - INFO - Model dimensions from state dict:
2025-01-04 09:37:48,605 - INFO - num_users: 7773
2025-01-04 09:37:48,606 - INFO - num_music: 9324
2025-01-04 09:37:48,607 - INFO - num_artists: 4482
2025-01-04 09:37:48,608 - INFO - num_genres: 12
2025-01-04 09:37:48,609 - INFO - num_numerical: 12
2025-01-04 09:37:48,687 - WARNING -  * Debugger is active!
2025-01-04 09:37:48,690 - INFO -  * Debugger PIN: 723-194-374
2025-01-04 09:42:37,723 - INFO - 192.168.96.1 - - [04/Jan/2025 09:42:37] "GET /api/health HTTP/1.1" 200 -
2025-01-04 09:43:38,453 - INFO - 192.168.96.1 - - [04/Jan/2025 09:43:38] "OPTIONS /api/recommendations HTTP/1.1" 200 -
2025-01-04 09:43:38,499 - WARNING - Error encoding user ID: y contains previously unseen labels: 'francis.martinson@ndsu.edu'
2025-01-04 09:43:38,505 - WARNING - Using default encoding (0)
2025-01-04 09:43:38,527 - ERROR - Error generating recommendations: MusicRecommenderDataset.__init__() got an unexpected keyword argument 'embedding_dims'
2025-01-04 09:43:38,529 - INFO - 192.168.96.1 - - [04/Jan/2025 09:43:38] "[35m[1mPOST /api/recommendations HTTP/1.1[0m" 500 -
2025-01-04 09:44:10,272 - INFO - 192.168.96.1 - - [04/Jan/2025 09:44:10] "OPTIONS /api/recommendations HTTP/1.1" 200 -
2025-01-04 09:44:10,322 - WARNING - Error encoding user ID: y contains previously unseen labels: 'francis.martinson@ndsu.edu'
2025-01-04 09:44:10,324 - WARNING - Using default encoding (0)
2025-01-04 09:44:10,329 - ERROR - Error generating recommendations: MusicRecommenderDataset.__init__() got an unexpected keyword argument 'embedding_dims'
2025-01-04 09:44:10,332 - INFO - 192.168.96.1 - - [04/Jan/2025 09:44:10] "[35m[1mPOST /api/recommendations HTTP/1.1[0m" 500 -
2025-01-04 09:44:38,488 - INFO - 192.168.96.1 - - [04/Jan/2025 09:44:38] "OPTIONS /api/recommendations HTTP/1.1" 200 -
2025-01-04 09:44:38,551 - WARNING - Error encoding user ID: y contains previously unseen labels: 'francis.martinson@ndsu.edu'
2025-01-04 09:44:38,552 - WARNING - Using default encoding (0)
2025-01-04 09:44:38,570 - ERROR - Error generating recommendations: MusicRecommenderDataset.__init__() got an unexpected keyword argument 'embedding_dims'
2025-01-04 09:44:38,575 - INFO - 192.168.96.1 - - [04/Jan/2025 09:44:38] "[35m[1mPOST /api/recommendations HTTP/1.1[0m" 500 -
2025-01-04 09:44:48,253 - INFO - 192.168.96.1 - - [04/Jan/2025 09:44:48] "OPTIONS /api/recommendations HTTP/1.1" 200 -
2025-01-04 09:44:48,269 - WARNING - Error encoding user ID: y contains previously unseen labels: '123'
2025-01-04 09:44:48,269 - WARNING - Using default encoding (0)
2025-01-04 09:44:48,273 - ERROR - Error generating recommendations: MusicRecommenderDataset.__init__() got an unexpected keyword argument 'embedding_dims'
2025-01-04 09:44:48,275 - INFO - 192.168.96.1 - - [04/Jan/2025 09:44:48] "[35m[1mPOST /api/recommendations HTTP/1.1[0m" 500 -
2025-01-04 09:47:45,155 - INFO -  * Detected change in '/home/martinson/Lhydra_rs/data_engineered_v3/rs_main_v2_refactored/train_model.py', reloading
2025-01-04 09:47:45,156 - INFO -  * Detected change in '/home/martinson/Lhydra_rs/data_engineered_v3/rs_main_v2_refactored/train_model.py', reloading
2025-01-04 09:47:45,170 - INFO -  * Detected change in '/home/martinson/Lhydra_rs/data_engineered_v3/rs_main_v2_refactored/train_model.py', reloading
2025-01-04 09:47:46,805 - INFO -  * Restarting with watchdog (inotify)
2025-01-04 09:47:52,936 - INFO - Loading model from /home/martinson/Lhydra_rs/data_engineered_v3/rs_main_v2_refactored/checkpoints/best_model.pth
2025-01-04 09:47:53,077 - INFO - Model loaded successfully
2025-01-04 09:47:53,147 - INFO - Encoder class counts:
2025-01-04 09:47:53,148 - INFO - user_encoder: 9717
2025-01-04 09:47:53,148 - INFO - music_encoder: 9373
2025-01-04 09:47:53,148 - INFO - artist_encoder: 5059
2025-01-04 09:47:53,148 - INFO - genre_encoder: 12
2025-01-04 09:47:53,149 - INFO - Model dimensions from state dict:
2025-01-04 09:47:53,149 - INFO - num_users: 7773
2025-01-04 09:47:53,149 - INFO - num_music: 9324
2025-01-04 09:47:53,149 - INFO - num_artists: 4482
2025-01-04 09:47:53,149 - INFO - num_genres: 12
2025-01-04 09:47:53,150 - INFO - num_numerical: 12
2025-01-04 09:47:53,230 - WARNING -  * Debugger is active!
2025-01-04 09:47:53,231 - INFO -  * Debugger PIN: 723-194-374
2025-01-04 09:48:05,058 - INFO - 192.168.96.1 - - [04/Jan/2025 09:48:05] "OPTIONS /api/recommendations HTTP/1.1" 200 -
2025-01-04 09:48:05,181 - WARNING - Error encoding user ID: y contains previously unseen labels: '123'
2025-01-04 09:48:05,192 - WARNING - Using default encoding (0)
2025-01-04 09:48:05,222 - ERROR - Error generating recommendations: MusicRecommenderDataset.__init__() got an unexpected keyword argument 'embedding_dims'
2025-01-04 09:48:05,227 - INFO - 192.168.96.1 - - [04/Jan/2025 09:48:05] "[35m[1mPOST /api/recommendations HTTP/1.1[0m" 500 -
2025-01-04 09:48:34,654 - INFO -  * Detected change in '/home/martinson/Lhydra_rs/data_engineered_v3/rs_main_v2_refactored/flask_app/app.py', reloading
2025-01-04 09:48:34,659 - INFO -  * Detected change in '/home/martinson/Lhydra_rs/data_engineered_v3/rs_main_v2_refactored/flask_app/app.py', reloading
2025-01-04 09:48:34,669 - INFO -  * Detected change in '/home/martinson/Lhydra_rs/data_engineered_v3/rs_main_v2_refactored/flask_app/app.py', reloading
2025-01-04 09:48:36,209 - INFO -  * Restarting with watchdog (inotify)
2025-01-04 09:48:44,555 - INFO - Loading model from /home/martinson/Lhydra_rs/data_engineered_v3/rs_main_v2_refactored/checkpoints/best_model.pth
2025-01-04 09:48:44,619 - INFO - Model loaded successfully
2025-01-04 09:48:44,651 - INFO - Encoder class counts:
2025-01-04 09:48:44,651 - INFO - user_encoder: 9717
2025-01-04 09:48:44,652 - INFO - music_encoder: 9373
2025-01-04 09:48:44,652 - INFO - artist_encoder: 5059
2025-01-04 09:48:44,652 - INFO - genre_encoder: 12
2025-01-04 09:48:44,653 - INFO - Model dimensions from state dict:
2025-01-04 09:48:44,654 - INFO - num_users: 7773
2025-01-04 09:48:44,654 - INFO - num_music: 9324
2025-01-04 09:48:44,654 - INFO - num_artists: 4482
2025-01-04 09:48:44,655 - INFO - num_genres: 12
2025-01-04 09:48:44,655 - INFO - num_numerical: 12
2025-01-04 09:48:44,808 - WARNING -  * Debugger is active!
2025-01-04 09:48:44,809 - INFO -  * Debugger PIN: 723-194-374
2025-01-04 09:48:59,843 - INFO -  * Detected change in '/home/martinson/Lhydra_rs/data_engineered_v3/rs_main_v2_refactored/flask_app/app.py', reloading
2025-01-04 09:48:59,844 - INFO -  * Detected change in '/home/martinson/Lhydra_rs/data_engineered_v3/rs_main_v2_refactored/flask_app/app.py', reloading
2025-01-04 09:48:59,892 - INFO -  * Detected change in '/home/martinson/Lhydra_rs/data_engineered_v3/rs_main_v2_refactored/flask_app/app.py', reloading
2025-01-04 09:49:01,430 - INFO -  * Restarting with watchdog (inotify)
2025-01-04 09:49:05,936 - INFO - Loading model from /home/martinson/Lhydra_rs/data_engineered_v3/rs_main_v2_refactored/checkpoints/best_model.pth
2025-01-04 09:49:06,060 - INFO - Model loaded successfully
2025-01-04 09:49:06,125 - INFO - Encoder class counts:
2025-01-04 09:49:06,125 - INFO - user_encoder: 9717
2025-01-04 09:49:06,126 - INFO - music_encoder: 9373
2025-01-04 09:49:06,126 - INFO - artist_encoder: 5059
2025-01-04 09:49:06,126 - INFO - genre_encoder: 12
2025-01-04 09:49:06,126 - INFO - Model dimensions from state dict:
2025-01-04 09:49:06,126 - INFO - num_users: 7773
2025-01-04 09:49:06,126 - INFO - num_music: 9324
2025-01-04 09:49:06,126 - INFO - num_artists: 4482
2025-01-04 09:49:06,127 - INFO - num_genres: 12
2025-01-04 09:49:06,127 - INFO - num_numerical: 12
2025-01-04 09:49:06,260 - WARNING -  * Debugger is active!
2025-01-04 09:49:06,261 - INFO -  * Debugger PIN: 723-194-374
2025-01-04 09:49:10,735 - INFO - 192.168.96.1 - - [04/Jan/2025 09:49:10] "OPTIONS /api/recommendations HTTP/1.1" 200 -
2025-01-04 09:49:10,814 - WARNING - Error encoding user ID: y contains previously unseen labels: '123'
2025-01-04 09:49:10,817 - WARNING - Using default encoding (0)
2025-01-04 09:49:10,835 - ERROR - Error generating recommendations: MusicRecommenderDataset.__init__() got an unexpected keyword argument 'embedding_dims'
2025-01-04 09:49:10,843 - INFO - 192.168.96.1 - - [04/Jan/2025 09:49:10] "[35m[1mPOST /api/recommendations HTTP/1.1[0m" 500 -
2025-01-04 09:49:17,293 - INFO - 192.168.96.1 - - [04/Jan/2025 09:49:17] "GET /api/health HTTP/1.1" 200 -
2025-01-04 09:49:29,205 - INFO - 192.168.96.1 - - [04/Jan/2025 09:49:29] "OPTIONS /api/recommendations HTTP/1.1" 200 -
2025-01-04 09:49:29,248 - WARNING - Error encoding user ID: y contains previously unseen labels: 'francis.martinson@ndsu.edu'
2025-01-04 09:49:29,250 - WARNING - Using default encoding (0)
2025-01-04 09:49:29,266 - ERROR - Error generating recommendations: MusicRecommenderDataset.__init__() got an unexpected keyword argument 'embedding_dims'
2025-01-04 09:49:29,274 - INFO - 192.168.96.1 - - [04/Jan/2025 09:49:29] "[35m[1mPOST /api/recommendations HTTP/1.1[0m" 500 -
2025-01-04 09:51:16,437 - INFO -  * Detected change in '/home/martinson/Lhydra_rs/data_engineered_v3/rs_main_v2_refactored/evaluate_model.py', reloading
2025-01-04 09:51:16,438 - INFO -  * Detected change in '/home/martinson/Lhydra_rs/data_engineered_v3/rs_main_v2_refactored/evaluate_model.py', reloading
2025-01-04 09:51:16,446 - INFO -  * Detected change in '/home/martinson/Lhydra_rs/data_engineered_v3/rs_main_v2_refactored/evaluate_model.py', reloading
2025-01-04 09:51:17,881 - INFO -  * Restarting with watchdog (inotify)
2025-01-04 09:51:26,633 - INFO - Loading model from /home/martinson/Lhydra_rs/data_engineered_v3/rs_main_v2_refactored/checkpoints/best_model.pth
2025-01-04 09:51:26,723 - INFO - Model loaded successfully
2025-01-04 09:51:26,745 - INFO - Encoder class counts:
2025-01-04 09:51:26,745 - INFO - user_encoder: 9717
2025-01-04 09:51:26,745 - INFO - music_encoder: 9373
2025-01-04 09:51:26,746 - INFO - artist_encoder: 5059
2025-01-04 09:51:26,747 - INFO - genre_encoder: 12
2025-01-04 09:51:26,748 - INFO - Model dimensions from state dict:
2025-01-04 09:51:26,749 - INFO - num_users: 7773
2025-01-04 09:51:26,750 - INFO - num_music: 9324
2025-01-04 09:51:26,751 - INFO - num_artists: 4482
2025-01-04 09:51:26,752 - INFO - num_genres: 12
2025-01-04 09:51:26,757 - INFO - num_numerical: 12
2025-01-04 09:51:26,839 - WARNING -  * Debugger is active!
2025-01-04 09:51:26,840 - INFO -  * Debugger PIN: 723-194-374
2025-01-04 09:51:31,609 - INFO -  * Detected change in '/home/martinson/Lhydra_rs/data_engineered_v3/rs_main_v2_refactored/evaluate_model.py', reloading
2025-01-04 09:51:31,612 - INFO -  * Detected change in '/home/martinson/Lhydra_rs/data_engineered_v3/rs_main_v2_refactored/evaluate_model.py', reloading
2025-01-04 09:51:31,627 - INFO -  * Detected change in '/home/martinson/Lhydra_rs/data_engineered_v3/rs_main_v2_refactored/evaluate_model.py', reloading
2025-01-04 09:51:33,583 - INFO -  * Restarting with watchdog (inotify)
2025-01-04 09:51:44,872 - INFO - Loading model from /home/martinson/Lhydra_rs/data_engineered_v3/rs_main_v2_refactored/checkpoints/best_model.pth
2025-01-04 09:51:44,917 - INFO - Model loaded successfully
2025-01-04 09:51:45,028 - INFO - Encoder class counts:
2025-01-04 09:51:45,029 - INFO - user_encoder: 9717
2025-01-04 09:51:45,029 - INFO - music_encoder: 9373
2025-01-04 09:51:45,029 - INFO - artist_encoder: 5059
2025-01-04 09:51:45,029 - INFO - genre_encoder: 12
2025-01-04 09:51:45,030 - INFO - Model dimensions from state dict:
2025-01-04 09:51:45,030 - INFO - num_users: 7773
2025-01-04 09:51:45,030 - INFO - num_music: 9324
2025-01-04 09:51:45,030 - INFO - num_artists: 4482
2025-01-04 09:51:45,030 - INFO - num_genres: 12
2025-01-04 09:51:45,030 - INFO - num_numerical: 12
2025-01-04 09:51:45,100 - WARNING -  * Debugger is active!
2025-01-04 09:51:45,101 - INFO -  * Debugger PIN: 723-194-374
2025-01-04 09:52:42,586 - INFO -  * Detected change in '/home/martinson/Lhydra_rs/data_engineered_v3/rs_main_v2_refactored/generate_recommendations.py', reloading
2025-01-04 09:52:42,587 - INFO -  * Detected change in '/home/martinson/Lhydra_rs/data_engineered_v3/rs_main_v2_refactored/generate_recommendations.py', reloading
2025-01-04 09:52:42,594 - INFO -  * Detected change in '/home/martinson/Lhydra_rs/data_engineered_v3/rs_main_v2_refactored/generate_recommendations.py', reloading
2025-01-04 09:52:44,161 - INFO -  * Restarting with watchdog (inotify)
2025-01-04 09:52:50,006 - INFO - Loading model from /home/martinson/Lhydra_rs/data_engineered_v3/rs_main_v2_refactored/checkpoints/best_model.pth
2025-01-04 09:52:50,041 - INFO - Model loaded successfully
2025-01-04 09:52:50,074 - INFO - Encoder class counts:
2025-01-04 09:52:50,075 - INFO - user_encoder: 9717
2025-01-04 09:52:50,075 - INFO - music_encoder: 9373
2025-01-04 09:52:50,075 - INFO - artist_encoder: 5059
2025-01-04 09:52:50,076 - INFO - genre_encoder: 12
2025-01-04 09:52:50,076 - INFO - Model dimensions from state dict:
2025-01-04 09:52:50,077 - INFO - num_users: 7773
2025-01-04 09:52:50,078 - INFO - num_music: 9324
2025-01-04 09:52:50,078 - INFO - num_artists: 4482
2025-01-04 09:52:50,079 - INFO - num_genres: 12
2025-01-04 09:52:50,079 - INFO - num_numerical: 12
2025-01-04 09:52:50,235 - WARNING -  * Debugger is active!
2025-01-04 09:52:50,238 - INFO -  * Debugger PIN: 723-194-374
2025-01-04 09:53:25,596 - INFO -  * Detected change in '/home/martinson/Lhydra_rs/data_engineered_v3/rs_main_v2_refactored/generate_recommendations.py', reloading
2025-01-04 09:53:25,600 - INFO -  * Detected change in '/home/martinson/Lhydra_rs/data_engineered_v3/rs_main_v2_refactored/generate_recommendations.py', reloading
2025-01-04 09:53:25,611 - INFO -  * Detected change in '/home/martinson/Lhydra_rs/data_engineered_v3/rs_main_v2_refactored/generate_recommendations.py', reloading
2025-01-04 09:53:27,377 - INFO -  * Restarting with watchdog (inotify)
2025-01-04 09:53:36,086 - INFO - Loading model from /home/martinson/Lhydra_rs/data_engineered_v3/rs_main_v2_refactored/checkpoints/best_model.pth
2025-01-04 09:53:36,240 - INFO - Model loaded successfully
2025-01-04 09:53:36,284 - INFO - Encoder class counts:
2025-01-04 09:53:36,285 - INFO - user_encoder: 9717
2025-01-04 09:53:36,285 - INFO - music_encoder: 9373
2025-01-04 09:53:36,285 - INFO - artist_encoder: 5059
2025-01-04 09:53:36,285 - INFO - genre_encoder: 12
2025-01-04 09:53:36,285 - INFO - Model dimensions from state dict:
2025-01-04 09:53:36,286 - INFO - num_users: 7773
2025-01-04 09:53:36,286 - INFO - num_music: 9324
2025-01-04 09:53:36,286 - INFO - num_artists: 4482
2025-01-04 09:53:36,287 - INFO - num_genres: 12
2025-01-04 09:53:36,287 - INFO - num_numerical: 12
2025-01-04 09:53:36,419 - WARNING -  * Debugger is active!
2025-01-04 09:53:36,424 - INFO -  * Debugger PIN: 723-194-374
2025-01-04 09:54:20,511 - INFO -  * Detected change in '/home/martinson/Lhydra_rs/data_engineered_v3/rs_main_v2_refactored/train_model.py', reloading
2025-01-04 09:54:20,521 - INFO -  * Detected change in '/home/martinson/Lhydra_rs/data_engineered_v3/rs_main_v2_refactored/train_model.py', reloading
2025-01-04 09:54:20,530 - INFO -  * Detected change in '/home/martinson/Lhydra_rs/data_engineered_v3/rs_main_v2_refactored/train_model.py', reloading
2025-01-04 09:54:22,625 - INFO -  * Restarting with watchdog (inotify)
2025-01-04 09:54:29,451 - INFO - Loading model from /home/martinson/Lhydra_rs/data_engineered_v3/rs_main_v2_refactored/checkpoints/best_model.pth
2025-01-04 09:54:29,531 - INFO - Model loaded successfully
2025-01-04 09:54:29,564 - INFO - Encoder class counts:
2025-01-04 09:54:29,564 - INFO - user_encoder: 9717
2025-01-04 09:54:29,564 - INFO - music_encoder: 9373
2025-01-04 09:54:29,564 - INFO - artist_encoder: 5059
2025-01-04 09:54:29,565 - INFO - genre_encoder: 12
2025-01-04 09:54:29,565 - INFO - Model dimensions from state dict:
2025-01-04 09:54:29,565 - INFO - num_users: 7773
2025-01-04 09:54:29,565 - INFO - num_music: 9324
2025-01-04 09:54:29,565 - INFO - num_artists: 4482
2025-01-04 09:54:29,565 - INFO - num_genres: 12
2025-01-04 09:54:29,566 - INFO - num_numerical: 12
2025-01-04 09:54:29,799 - WARNING -  * Debugger is active!
2025-01-04 09:54:29,799 - INFO -  * Debugger PIN: 723-194-374
2025-01-04 09:54:32,389 - INFO -  * Detected change in '/home/martinson/Lhydra_rs/data_engineered_v3/rs_main_v2_refactored/train_model.py', reloading
2025-01-04 09:54:32,395 - INFO -  * Detected change in '/home/martinson/Lhydra_rs/data_engineered_v3/rs_main_v2_refactored/train_model.py', reloading
2025-01-04 09:54:32,407 - INFO -  * Detected change in '/home/martinson/Lhydra_rs/data_engineered_v3/rs_main_v2_refactored/train_model.py', reloading
2025-01-04 09:54:33,860 - INFO -  * Restarting with watchdog (inotify)
2025-01-04 09:54:44,533 - INFO - Loading model from /home/martinson/Lhydra_rs/data_engineered_v3/rs_main_v2_refactored/checkpoints/best_model.pth
2025-01-04 09:54:44,594 - INFO - Model loaded successfully
2025-01-04 09:54:44,681 - INFO - Encoder class counts:
2025-01-04 09:54:44,681 - INFO - user_encoder: 9717
2025-01-04 09:54:44,682 - INFO - music_encoder: 9373
2025-01-04 09:54:44,682 - INFO - artist_encoder: 5059
2025-01-04 09:54:44,682 - INFO - genre_encoder: 12
2025-01-04 09:54:44,683 - INFO - Model dimensions from state dict:
2025-01-04 09:54:44,684 - INFO - num_users: 7773
2025-01-04 09:54:44,685 - INFO - num_music: 9324
2025-01-04 09:54:44,685 - INFO - num_artists: 4482
2025-01-04 09:54:44,691 - INFO - num_genres: 12
2025-01-04 09:54:44,696 - INFO - num_numerical: 12
2025-01-04 09:54:44,836 - WARNING -  * Debugger is active!
2025-01-04 09:54:44,837 - INFO -  * Debugger PIN: 723-194-374
2025-01-04 09:54:48,066 - INFO -  * Detected change in '/home/martinson/Lhydra_rs/data_engineered_v3/rs_main_v2_refactored/train_model.py', reloading
2025-01-04 09:54:48,068 - INFO -  * Detected change in '/home/martinson/Lhydra_rs/data_engineered_v3/rs_main_v2_refactored/train_model.py', reloading
2025-01-04 09:54:48,147 - INFO -  * Detected change in '/home/martinson/Lhydra_rs/data_engineered_v3/rs_main_v2_refactored/train_model.py', reloading
2025-01-04 09:54:49,801 - INFO -  * Restarting with watchdog (inotify)
2025-01-04 09:54:58,746 - INFO - Loading model from /home/martinson/Lhydra_rs/data_engineered_v3/rs_main_v2_refactored/checkpoints/best_model.pth
2025-01-04 09:54:58,799 - INFO - Model loaded successfully
2025-01-04 09:54:58,819 - INFO - Encoder class counts:
2025-01-04 09:54:58,820 - INFO - user_encoder: 9717
2025-01-04 09:54:58,820 - INFO - music_encoder: 9373
2025-01-04 09:54:58,820 - INFO - artist_encoder: 5059
2025-01-04 09:54:58,821 - INFO - genre_encoder: 12
2025-01-04 09:54:58,821 - INFO - Model dimensions from state dict:
2025-01-04 09:54:58,821 - INFO - num_users: 7773
2025-01-04 09:54:58,821 - INFO - num_music: 9324
2025-01-04 09:54:58,822 - INFO - num_artists: 4482
2025-01-04 09:54:58,822 - INFO - num_genres: 12
2025-01-04 09:54:58,822 - INFO - num_numerical: 12
2025-01-04 09:54:58,932 - WARNING -  * Debugger is active!
2025-01-04 09:54:58,933 - INFO -  * Debugger PIN: 723-194-374
2025-01-04 09:55:23,532 - INFO -  * Detected change in '/home/martinson/Lhydra_rs/data_engineered_v3/rs_main_v2_refactored/train_model.py', reloading
2025-01-04 09:55:23,534 - INFO -  * Detected change in '/home/martinson/Lhydra_rs/data_engineered_v3/rs_main_v2_refactored/train_model.py', reloading
2025-01-04 09:55:23,542 - INFO -  * Detected change in '/home/martinson/Lhydra_rs/data_engineered_v3/rs_main_v2_refactored/train_model.py', reloading
2025-01-04 09:55:25,003 - INFO -  * Restarting with watchdog (inotify)
2025-01-04 09:55:31,025 - INFO - Loading model from /home/martinson/Lhydra_rs/data_engineered_v3/rs_main_v2_refactored/checkpoints/best_model.pth
2025-01-04 09:55:31,119 - INFO - Model loaded successfully
2025-01-04 09:55:31,160 - INFO - Encoder class counts:
2025-01-04 09:55:31,160 - INFO - user_encoder: 9717
2025-01-04 09:55:31,160 - INFO - music_encoder: 9373
2025-01-04 09:55:31,160 - INFO - artist_encoder: 5059
2025-01-04 09:55:31,161 - INFO - genre_encoder: 12
2025-01-04 09:55:31,161 - INFO - Model dimensions from state dict:
2025-01-04 09:55:31,161 - INFO - num_users: 7773
2025-01-04 09:55:31,161 - INFO - num_music: 9324
2025-01-04 09:55:31,161 - INFO - num_artists: 4482
2025-01-04 09:55:31,161 - INFO - num_genres: 12
2025-01-04 09:55:31,162 - INFO - num_numerical: 12
2025-01-04 09:55:31,274 - WARNING -  * Debugger is active!
2025-01-04 09:55:31,278 - INFO -  * Debugger PIN: 723-194-374
2025-01-04 09:55:41,566 - INFO -  * Detected change in '/home/martinson/Lhydra_rs/data_engineered_v3/rs_main_v2_refactored/train_model.py', reloading
2025-01-04 09:55:41,569 - INFO -  * Detected change in '/home/martinson/Lhydra_rs/data_engineered_v3/rs_main_v2_refactored/train_model.py', reloading
2025-01-04 09:55:41,602 - INFO -  * Detected change in '/home/martinson/Lhydra_rs/data_engineered_v3/rs_main_v2_refactored/train_model.py', reloading
2025-01-04 09:55:43,196 - INFO -  * Restarting with watchdog (inotify)
2025-01-04 09:55:51,960 - INFO - Loading model from /home/martinson/Lhydra_rs/data_engineered_v3/rs_main_v2_refactored/checkpoints/best_model.pth
2025-01-04 09:55:52,044 - INFO - Model loaded successfully
2025-01-04 09:55:52,067 - INFO - Encoder class counts:
2025-01-04 09:55:52,068 - INFO - user_encoder: 9717
2025-01-04 09:55:52,068 - INFO - music_encoder: 9373
2025-01-04 09:55:52,068 - INFO - artist_encoder: 5059
2025-01-04 09:55:52,068 - INFO - genre_encoder: 12
2025-01-04 09:55:52,068 - INFO - Model dimensions from state dict:
2025-01-04 09:55:52,069 - INFO - num_users: 7773
2025-01-04 09:55:52,069 - INFO - num_music: 9324
2025-01-04 09:55:52,069 - INFO - num_artists: 4482
2025-01-04 09:55:52,069 - INFO - num_genres: 12
2025-01-04 09:55:52,070 - INFO - num_numerical: 12
2025-01-04 09:55:52,148 - WARNING -  * Debugger is active!
2025-01-04 09:55:52,149 - INFO -  * Debugger PIN: 723-194-374
2025-01-04 09:55:57,999 - INFO -  * Detected change in '/home/martinson/Lhydra_rs/data_engineered_v3/rs_main_v2_refactored/train_model.py', reloading
2025-01-04 09:55:58,001 - INFO -  * Detected change in '/home/martinson/Lhydra_rs/data_engineered_v3/rs_main_v2_refactored/train_model.py', reloading
2025-01-04 09:55:58,022 - INFO -  * Detected change in '/home/martinson/Lhydra_rs/data_engineered_v3/rs_main_v2_refactored/train_model.py', reloading
2025-01-04 09:55:59,542 - INFO -  * Restarting with watchdog (inotify)
2025-01-04 09:56:05,833 - INFO - Loading model from /home/martinson/Lhydra_rs/data_engineered_v3/rs_main_v2_refactored/checkpoints/best_model.pth
2025-01-04 09:56:05,979 - INFO - Model loaded successfully
2025-01-04 09:56:06,001 - INFO - Encoder class counts:
2025-01-04 09:56:06,001 - INFO - user_encoder: 9717
2025-01-04 09:56:06,003 - INFO - music_encoder: 9373
2025-01-04 09:56:06,003 - INFO - artist_encoder: 5059
2025-01-04 09:56:06,003 - INFO - genre_encoder: 12
2025-01-04 09:56:06,004 - INFO - Model dimensions from state dict:
2025-01-04 09:56:06,004 - INFO - num_users: 7773
2025-01-04 09:56:06,004 - INFO - num_music: 9324
2025-01-04 09:56:06,004 - INFO - num_artists: 4482
2025-01-04 09:56:06,005 - INFO - num_genres: 12
2025-01-04 09:56:06,005 - INFO - num_numerical: 12
2025-01-04 09:56:06,071 - WARNING -  * Debugger is active!
2025-01-04 09:56:06,071 - INFO -  * Debugger PIN: 723-194-374
2025-01-04 09:56:09,011 - INFO -  * Detected change in '/home/martinson/Lhydra_rs/data_engineered_v3/rs_main_v2_refactored/train_model.py', reloading
2025-01-04 09:56:09,012 - INFO -  * Detected change in '/home/martinson/Lhydra_rs/data_engineered_v3/rs_main_v2_refactored/train_model.py', reloading
2025-01-04 09:56:09,016 - INFO -  * Detected change in '/home/martinson/Lhydra_rs/data_engineered_v3/rs_main_v2_refactored/train_model.py', reloading
2025-01-04 09:56:11,169 - INFO -  * Restarting with watchdog (inotify)
2025-01-04 09:56:17,156 - INFO - Loading model from /home/martinson/Lhydra_rs/data_engineered_v3/rs_main_v2_refactored/checkpoints/best_model.pth
2025-01-04 09:56:17,203 - INFO - Model loaded successfully
2025-01-04 09:56:17,217 - INFO - Encoder class counts:
2025-01-04 09:56:17,217 - INFO - user_encoder: 9717
2025-01-04 09:56:17,217 - INFO - music_encoder: 9373
2025-01-04 09:56:17,217 - INFO - artist_encoder: 5059
2025-01-04 09:56:17,217 - INFO - genre_encoder: 12
2025-01-04 09:56:17,218 - INFO - Model dimensions from state dict:
2025-01-04 09:56:17,218 - INFO - num_users: 7773
2025-01-04 09:56:17,218 - INFO - num_music: 9324
2025-01-04 09:56:17,218 - INFO - num_artists: 4482
2025-01-04 09:56:17,218 - INFO - num_genres: 12
2025-01-04 09:56:17,218 - INFO - num_numerical: 12
2025-01-04 09:56:17,266 - WARNING -  * Debugger is active!
2025-01-04 09:56:17,267 - INFO -  * Debugger PIN: 723-194-374
2025-01-04 09:56:20,205 - INFO -  * Detected change in '/home/martinson/Lhydra_rs/data_engineered_v3/rs_main_v2_refactored/train_model.py', reloading
2025-01-04 09:56:20,207 - INFO -  * Detected change in '/home/martinson/Lhydra_rs/data_engineered_v3/rs_main_v2_refactored/train_model.py', reloading
2025-01-04 09:56:20,221 - INFO -  * Detected change in '/home/martinson/Lhydra_rs/data_engineered_v3/rs_main_v2_refactored/train_model.py', reloading
2025-01-04 09:56:21,917 - INFO -  * Restarting with watchdog (inotify)
2025-01-04 09:56:27,915 - INFO - Loading model from /home/martinson/Lhydra_rs/data_engineered_v3/rs_main_v2_refactored/checkpoints/best_model.pth
2025-01-04 09:56:27,961 - INFO - Model loaded successfully
2025-01-04 09:56:28,001 - INFO - Encoder class counts:
2025-01-04 09:56:28,002 - INFO - user_encoder: 9717
2025-01-04 09:56:28,002 - INFO - music_encoder: 9373
2025-01-04 09:56:28,002 - INFO - artist_encoder: 5059
2025-01-04 09:56:28,003 - INFO - genre_encoder: 12
2025-01-04 09:56:28,003 - INFO - Model dimensions from state dict:
2025-01-04 09:56:28,003 - INFO - num_users: 7773
2025-01-04 09:56:28,003 - INFO - num_music: 9324
2025-01-04 09:56:28,004 - INFO - num_artists: 4482
2025-01-04 09:56:28,005 - INFO - num_genres: 12
2025-01-04 09:56:28,005 - INFO - num_numerical: 12
2025-01-04 09:56:28,082 - WARNING -  * Debugger is active!
2025-01-04 09:56:28,085 - INFO -  * Debugger PIN: 723-194-374
2025-01-04 09:57:06,426 - INFO - 192.168.96.1 - - [04/Jan/2025 09:57:06] "OPTIONS /api/recommendations HTTP/1.1" 200 -
2025-01-04 09:57:06,472 - WARNING - Error encoding user ID: y contains previously unseen labels: 'francis.martinson@ndsu.edu'
2025-01-04 09:57:06,473 - WARNING - Using default encoding (0)
2025-01-04 09:57:06,515 - WARNING - Error in transform: y contains previously unseen labels: '0'
2025-01-04 09:57:06,516 - WARNING - Using default value 0 for 13421 items
2025-01-04 09:57:09,451 - INFO - 192.168.96.1 - - [04/Jan/2025 09:57:09] "POST /api/recommendations HTTP/1.1" 200 -
